#! /c/Source/iverilog-install/bin/vvp
:ivl_version "12.0 (devel)" "(s20150603-1539-g2693dd32b)";
:ivl_delay_selection "TYPICAL";
:vpi_time_precision + 0;
:vpi_module "C:\iverilog\lib\ivl\system.vpi";
:vpi_module "C:\iverilog\lib\ivl\vhdl_sys.vpi";
:vpi_module "C:\iverilog\lib\ivl\vhdl_textio.vpi";
:vpi_module "C:\iverilog\lib\ivl\v2005_math.vpi";
:vpi_module "C:\iverilog\lib\ivl\va_math.vpi";
S_0000025ec7676b90 .scope module, "overflow_two8bits_tb" "overflow_two8bits_tb" 2 1;
 .timescale 0 0;
v0000025ec76829b0_0 .var "a", 7 0;
v0000025ec7682ff0_0 .var "b", 7 0;
v0000025ec76831d0_0 .net "overflow", 0 0, L_0000025ec75ce9c0;  1 drivers
v0000025ec76834f0_0 .net "s", 7 0, L_0000025ec7683590;  1 drivers
S_0000025ec7675840 .scope module, "uut" "top_module" 2 8, 3 1 0, S_0000025ec7676b90;
 .timescale 0 0;
    .port_info 0 /INPUT 8 "a";
    .port_info 1 /INPUT 8 "b";
    .port_info 2 /OUTPUT 8 "s";
    .port_info 3 /OUTPUT 1 "overflow";
L_0000025ec75ce8e0 .functor XNOR 1, L_0000025ec7683810, L_0000025ec7682b90, C4<0>, C4<0>;
L_0000025ec75cea30 .functor XOR 1, L_0000025ec7683270, L_0000025ec7682c30, C4<0>, C4<0>;
L_0000025ec75ce9c0 .functor AND 1, L_0000025ec75ce8e0, L_0000025ec75cea30, C4<1>, C4<1>;
v0000025ec7652ed0_0 .net *"_ivl_11", 0 0, L_0000025ec7682c30;  1 drivers
v0000025ec7676d20_0 .net *"_ivl_12", 0 0, L_0000025ec75cea30;  1 drivers
v0000025ec76759d0_0 .net *"_ivl_3", 0 0, L_0000025ec7683810;  1 drivers
v0000025ec7675a70_0 .net *"_ivl_5", 0 0, L_0000025ec7682b90;  1 drivers
v0000025ec76526e0_0 .net *"_ivl_6", 0 0, L_0000025ec75ce8e0;  1 drivers
v0000025ec7652780_0 .net *"_ivl_9", 0 0, L_0000025ec7683270;  1 drivers
v0000025ec7652820_0 .net "a", 7 0, v0000025ec76829b0_0;  1 drivers
v0000025ec76528c0_0 .net "b", 7 0, v0000025ec7682ff0_0;  1 drivers
v0000025ec7652960_0 .net "overflow", 0 0, L_0000025ec75ce9c0;  alias, 1 drivers
v0000025ec7652a00_0 .net "s", 7 0, L_0000025ec7683590;  alias, 1 drivers
L_0000025ec7683590 .arith/sum 8, v0000025ec76829b0_0, v0000025ec7682ff0_0;
L_0000025ec7683810 .part v0000025ec76829b0_0, 7, 1;
L_0000025ec7682b90 .part v0000025ec7682ff0_0, 7, 1;
L_0000025ec7683270 .part L_0000025ec7683590, 7, 1;
L_0000025ec7682c30 .part v0000025ec76829b0_0, 7, 1;
    .scope S_0000025ec7676b90;
T_0 ;
    %pushi/vec4 0, 0, 8;
    %store/vec4 v0000025ec76829b0_0, 0, 8;
    %pushi/vec4 0, 0, 8;
    %store/vec4 v0000025ec7682ff0_0, 0, 8;
    %delay 10, 0;
    %pushi/vec4 32513, 0, 16;
    %split/vec4 8;
    %store/vec4 v0000025ec7682ff0_0, 0, 8;
    %store/vec4 v0000025ec76829b0_0, 0, 8;
    %delay 10, 0;
    %pushi/vec4 33023, 0, 16;
    %split/vec4 8;
    %store/vec4 v0000025ec7682ff0_0, 0, 8;
    %store/vec4 v0000025ec76829b0_0, 0, 8;
    %delay 10, 0;
    %pushi/vec4 32639, 0, 16;
    %split/vec4 8;
    %store/vec4 v0000025ec7682ff0_0, 0, 8;
    %store/vec4 v0000025ec76829b0_0, 0, 8;
    %delay 10, 0;
    %pushi/vec4 32896, 0, 16;
    %split/vec4 8;
    %store/vec4 v0000025ec7682ff0_0, 0, 8;
    %store/vec4 v0000025ec76829b0_0, 0, 8;
    %delay 10, 0;
    %vpi_call 2 25 "$finish" {0 0 0};
    %end;
    .thread T_0;
    .scope S_0000025ec7676b90;
T_1 ;
    %vpi_call 2 30 "$dumpfile", "overflow_two8bits.vcd" {0 0 0};
    %vpi_call 2 31 "$dumpvars", 32'sb00000000000000000000000000000000, S_0000025ec7676b90 {0 0 0};
    %end;
    .thread T_1;
# The file index is used to find the file name in the following table.
:file_names 4;
    "N/A";
    "<interactive>";
    "overflow_two8bits_tb.v";
    "overflow_two8bits.v";
